# JRE version: OpenJDK Runtime Environment (8.0_222-b10) (build 1.8.0_222-8u222-b10-1ubuntu1~18.04.1-b10)
# Java VM: OpenJDK 64-Bit Server VM (25.222-b10 mixed mode linux-amd64 compressed oops)
Heap:
 PSYoungGen      total 228352K, used 15418K [0x000000076f900000, 0x0000000780a80000, 0x00000007c0000000)
  eden space 208384K, 0% used [0x000000076f900000,0x000000076f900000,0x000000077c480000)
  from space 19968K, 77% used [0x000000077e380000,0x000000077f28ebe0,0x000000077f700000)
  to   space 11776K, 0% used [0x000000077ff00000,0x000000077ff00000,0x0000000780a80000)
 ParOldGen       total 113152K, used 23915K [0x00000006cea00000, 0x00000006d5880000, 0x000000076f900000)
  object space 113152K, 21% used [0x00000006cea00000,0x00000006d015adb8,0x00000006d5880000)
 Metaspace       used 21507K, capacity 21792K, committed 22064K, reserved 1069056K
  class space    used 2308K, capacity 2419K, committed 2432K, reserved 1048576K
GC Heap History (10 events):
Event: 4,064 GC heap after
Heap after GC invocations=3 (full 0):
 PSYoungGen      total 72192K, used 10232K [0x000000076f900000, 0x0000000778600000, 0x00000007c0000000)
  eden space 61952K, 0% used [0x000000076f900000,0x000000076f900000,0x0000000773580000)
  from space 10240K, 99% used [0x0000000773580000,0x0000000773f7e050,0x0000000773f80000)
  to   space 10240K, 0% used [0x0000000777c00000,0x0000000777c00000,0x0000000778600000)
 ParOldGen       total 165376K, used 4545K [0x00000006cea00000, 0x00000006d8b80000, 0x000000076f900000)
  object space 165376K, 2% used [0x00000006cea00000,0x00000006cee70788,0x00000006d8b80000)
 Metaspace       used 20186K, capacity 20474K, committed 20480K, reserved 1067008K
  class space    used 2195K, capacity 2298K, committed 2304K, reserved 1048576K
}
Event: 4,273 GC heap before
{Heap before GC invocations=4 (full 0):
 PSYoungGen      total 72192K, used 72184K [0x000000076f900000, 0x0000000778600000, 0x00000007c0000000)
  eden space 61952K, 100% used [0x000000076f900000,0x0000000773580000,0x0000000773580000)
  from space 10240K, 99% used [0x0000000773580000,0x0000000773f7e050,0x0000000773f80000)
  to   space 10240K, 0% used [0x0000000777c00000,0x0000000777c00000,0x0000000778600000)
 ParOldGen       total 165376K, used 4545K [0x00000006cea00000, 0x00000006d8b80000, 0x000000076f900000)
  object space 165376K, 2% used [0x00000006cea00000,0x00000006cee70788,0x00000006d8b80000)
 Metaspace       used 20194K, capacity 20474K, committed 20480K, reserved 1067008K
  class space    used 2195K, capacity 2298K, committed 2304K, reserved 1048576K
Event: 4,303 GC heap after
Heap after GC invocations=4 (full 0):
 PSYoungGen      total 134144K, used 10231K [0x000000076f900000, 0x0000000778600000, 0x00000007c0000000)
  eden space 123904K, 0% used [0x000000076f900000,0x000000076f900000,0x0000000777200000)
  from space 10240K, 99% used [0x0000000777c00000,0x00000007785fdf10,0x0000000778600000)
  to   space 10240K, 0% used [0x0000000777200000,0x0000000777200000,0x0000000777c00000)
 ParOldGen       total 165376K, used 9994K [0x00000006cea00000, 0x00000006d8b80000, 0x000000076f900000)
  object space 165376K, 6% used [0x00000006cea00000,0x00000006cf3c2998,0x00000006d8b80000)
 Metaspace       used 20194K, capacity 20474K, committed 20480K, reserved 1067008K
  class space    used 2195K, capacity 2298K, committed 2304K, reserved 1048576K
}
Event: 4,915 GC heap before
{Heap before GC invocations=5 (full 0):
 PSYoungGen      total 134144K, used 41997K [0x000000076f900000, 0x0000000778600000, 0x00000007c0000000)
  eden space 123904K, 25% used [0x000000076f900000,0x00000007718055e8,0x0000000777200000)
  from space 10240K, 99% used [0x0000000777c00000,0x00000007785fdf10,0x0000000778600000)
  to   space 10240K, 0% used [0x0000000777200000,0x0000000777200000,0x0000000777c00000)
 ParOldGen       total 165376K, used 9994K [0x00000006cea00000, 0x00000006d8b80000, 0x000000076f900000)
  object space 165376K, 6% used [0x00000006cea00000,0x00000006cf3c2998,0x00000006d8b80000)
 Metaspace       used 20851K, capacity 21138K, committed 21296K, reserved 1069056K
  class space    used 2261K, capacity 2370K, committed 2432K, reserved 1048576K
Event: 4,960 GC heap after
Heap after GC invocations=5 (full 0):
 PSYoungGen      total 134144K, used 10215K [0x000000076f900000, 0x0000000781300000, 0x00000007c0000000)
  eden space 123904K, 0% used [0x000000076f900000,0x000000076f900000,0x0000000777200000)
  from space 10240K, 99% used [0x0000000777200000,0x0000000777bf9ef0,0x0000000777c00000)
  to   space 20480K, 0% used [0x000000077ff00000,0x000000077ff00000,0x0000000781300000)
 ParOldGen       total 165376K, used 16991K [0x00000006cea00000, 0x00000006d8b80000, 0x000000076f900000)
  object space 165376K, 10% used [0x00000006cea00000,0x00000006cfa97e10,0x00000006d8b80000)
 Metaspace       used 20851K, capacity 21138K, committed 21296K, reserved 1069056K
  class space    used 2261K, capacity 2370K, committed 2432K, reserved 1048576K
}
Event: 4,960 GC heap before
{Heap before GC invocations=6 (full 1):
 PSYoungGen      total 134144K, used 10215K [0x000000076f900000, 0x0000000781300000, 0x00000007c0000000)
  eden space 123904K, 0% used [0x000000076f900000,0x000000076f900000,0x0000000777200000)
  from space 10240K, 99% used [0x0000000777200000,0x0000000777bf9ef0,0x0000000777c00000)
  to   space 20480K, 0% used [0x000000077ff00000,0x000000077ff00000,0x0000000781300000)
 ParOldGen       total 165376K, used 16991K [0x00000006cea00000, 0x00000006d8b80000, 0x000000076f900000)
  object space 165376K, 10% used [0x00000006cea00000,0x00000006cfa97e10,0x00000006d8b80000)
 Metaspace       used 20851K, capacity 21138K, committed 21296K, reserved 1069056K
  class space    used 2261K, capacity 2370K, committed 2432K, reserved 1048576K
Event: 5,058 GC heap after
Heap after GC invocations=6 (full 1):
 PSYoungGen      total 134144K, used 0K [0x000000076f900000, 0x0000000781300000, 0x00000007c0000000)
  eden space 123904K, 0% used [0x000000076f900000,0x000000076f900000,0x0000000777200000)
  from space 10240K, 0% used [0x0000000777200000,0x0000000777200000,0x0000000777c00000)
  to   space 20480K, 0% used [0x000000077ff00000,0x000000077ff00000,0x0000000781300000)
 ParOldGen       total 113152K, used 23899K [0x00000006cea00000, 0x00000006d5880000, 0x000000076f900000)
  object space 113152K, 21% used [0x00000006cea00000,0x00000006d0156db8,0x00000006d5880000)
 Metaspace       used 20851K, capacity 21138K, committed 21296K, reserved 1069056K
  class space    used 2261K, capacity 2370K, committed 2432K, reserved 1048576K
}
Event: 6,934 GC heap before
{Heap before GC invocations=7 (full 1):
 PSYoungGen      total 134144K, used 123904K [0x000000076f900000, 0x0000000781300000, 0x00000007c0000000)
  eden space 123904K, 100% used [0x000000076f900000,0x0000000777200000,0x0000000777200000)
  from space 10240K, 0% used [0x0000000777200000,0x0000000777200000,0x0000000777c00000)
  to   space 20480K, 0% used [0x000000077ff00000,0x000000077ff00000,0x0000000781300000)
 ParOldGen       total 113152K, used 23899K [0x00000006cea00000, 0x00000006d5880000, 0x000000076f900000)
  object space 113152K, 21% used [0x00000006cea00000,0x00000006d0156db8,0x00000006d5880000)
 Metaspace       used 21458K, capacity 21792K, committed 22064K, reserved 1069056K
  class space    used 2308K, capacity 2419K, committed 2432K, reserved 1048576K
Event: 6,969 GC heap after
Heap after GC invocations=7 (full 1):
 PSYoungGen      total 220160K, used 11446K [0x000000076f900000, 0x0000000780a80000, 0x00000007c0000000)
  eden space 208384K, 0% used [0x000000076f900000,0x000000076f900000,0x000000077c480000)
  from space 11776K, 97% used [0x000000077ff00000,0x0000000780a2daa8,0x0000000780a80000)
  to   space 19968K, 0% used [0x000000077e380000,0x000000077e380000,0x000000077f700000)
 ParOldGen       total 113152K, used 23907K [0x00000006cea00000, 0x00000006d5880000, 0x000000076f900000)
  object space 113152K, 21% used [0x00000006cea00000,0x00000006d0158db8,0x00000006d5880000)
 Metaspace       used 21458K, capacity 21792K, committed 22064K, reserved 1069056K
  class space    used 2308K, capacity 2419K, committed 2432K, reserved 1048576K
}
Event: 9,189 GC heap before
{Heap before GC invocations=8 (full 1):
 PSYoungGen      total 220160K, used 216133K [0x000000076f900000, 0x0000000780a80000, 0x00000007c0000000)
  eden space 208384K, 98% used [0x000000076f900000,0x000000077c0e3c50,0x000000077c480000)
  from space 11776K, 97% used [0x000000077ff00000,0x0000000780a2daa8,0x0000000780a80000)
  to   space 19968K, 0% used [0x000000077e380000,0x000000077e380000,0x000000077f700000)
 ParOldGen       total 113152K, used 23907K [0x00000006cea00000, 0x00000006d5880000, 0x000000076f900000)
  object space 113152K, 21% used [0x00000006cea00000,0x00000006d0158db8,0x00000006d5880000)
 Metaspace       used 21507K, capacity 21792K, committed 22064K, reserved 1069056K
  class space    used 2308K, capacity 2419K, committed 2432K, reserved 1048576K

